60.0
60.0
60.0
60.0
60.0
60.0
60.0
60.0
60.0
60.0
80.0
80.0
80.0
80.0
80.0
80.0
80.0
80.0
80.0
80.0
80.0
70.0
70.0
70.0
70.0
70.0
70.0
70.0
70.0
70.0
70.0
70.0
70.0
50.0
50.0
50.0
50.0
50.0
50.0
50.0
50.0
50.0
20.0
20.0
20.0
20.0
20.0
20.0
20.0
20.0
20.0
20.0
20.0
20.0
10.0
10.0
10.0
10.0
10.0
10.0
10.0
10.0
10.0
10.0
10.0
10.0
40.0
40.0
40.0
40.0
40.0
40.0
40.0
40.0
40.0
40.0
40.0
40.0
40.0
30.0
30.0
30.0
30.0
30.0
30.0
30.0
30.0
30.0
30.0
30.0
30.0
30.0
(680, 680)
load dataset
('The number of data, train:', 646, 'validate:', 34)
prepare initialized model!
step: 100
NDCG@100 | train: 0.304360121116, test: 0.444781178357
step: 200
NDCG@100 | train: 0.287474436683, test: 0.407761206672
step: 300
NDCG@100 | train: 0.401914434431, test: 0.445012833609
step: 400
NDCG@100 | train: 0.372968586872, test: 0.381820450506
step: 500
NDCG@100 | train: 0.369550322597, test: 0.494853365953
step: 600
NDCG@100 | train: 0.312307957133, test: 0.578545666377
step: 700
NDCG@100 | train: 0.366740342273, test: 0.465961265973
step: 800
NDCG@100 | train: 0.386399474594, test: 0.480310383376
step: 900
NDCG@100 | train: 0.410034040042, test: 0.626175136754
step: 1000
NDCG@100 | train: 0.12357804872, test: 0.371692360598
step: 1100
NDCG@100 | train: 0.481708741507, test: 0.599212571499
step: 1200
NDCG@100 | train: 0.450547383528, test: 0.583891623179
step: 1300
NDCG@100 | train: 0.479853977606, test: 0.619187277751
step: 1400
NDCG@100 | train: 0.538961245627, test: 0.609108603662
step: 1500
NDCG@100 | train: 0.459524712083, test: 0.818276104136
step: 1600
NDCG@100 | train: 0.504281990706, test: 0.539821891779
step: 1700
NDCG@100 | train: 0.563564640454, test: 0.666832026008
step: 1800
NDCG@100 | train: 0.529673091359, test: 0.654877884139
step: 1900
NDCG@100 | train: 0.652262544909, test: 0.678782310295
step: 2000
NDCG@100 | train: 0.611164059646, test: 0.525556888996
step: 2100
NDCG@100 | train: 0.563795979396, test: 0.547499790423
step: 2200
NDCG@100 | train: 0.448302527586, test: 0.645291679635
step: 2300
NDCG@100 | train: 0.723432987008, test: 0.834934298012
step: 2400
NDCG@100 | train: 0.65693249848, test: 0.657766933702
step: 2500
NDCG@100 | train: 0.599656319166, test: 0.515021987757
step: 2600
NDCG@100 | train: 0.705183025516, test: 0.532157321207
step: 2700
NDCG@100 | train: 0.722193137043, test: 0.906723888876
step: 2800
NDCG@100 | train: 0.667446473013, test: 0.838782910983
step: 2900
NDCG@100 | train: 0.730529277725, test: 0.525556888951
step: 3000
NDCG@100 | train: 0.688548610336, test: 0.532326187113
step: 3100
NDCG@100 | train: 0.641819362037, test: 0.619434725958
step: 3200
NDCG@100 | train: 0.335462575016, test: 0.363606959832
step: 3300
NDCG@100 | train: 0.665353692235, test: 0.604567229086
step: 3400
NDCG@100 | train: 0.626147138272, test: 0.551549967
step: 3500
NDCG@100 | train: 0.418406252204, test: 0.363606959832
step: 3600
NDCG@100 | train: 0.674315964159, test: 0.507378181119
step: 3700
NDCG@100 | train: 0.721711300127, test: 0.640009627585
step: 3800
NDCG@100 | train: 0.696407561021, test: 0.666832026008
step: 3900
NDCG@100 | train: 0.666869560055, test: 0.852162202222
step: 4000
NDCG@100 | train: 0.62571196657, test: 0.679278914531
step: 4100
NDCG@100 | train: 0.586126082523, test: 0.818133369424
step: 4200
NDCG@100 | train: 0.696547891773, test: 0.629371278032
step: 4300
NDCG@100 | train: 0.662185667001, test: 0.543508469129
step: 4400
NDCG@100 | train: 0.669514045123, test: 0.414090913968
step: 4500
NDCG@100 | train: 0.673953882364, test: 0.394789827355
step: 4600
NDCG@100 | train: 0.660223180473, test: 0.601156869981
step: 4700
NDCG@100 | train: 0.729341454886, test: 0.748447548946
step: 4800
NDCG@100 | train: 0.658224198068, test: 0.585335276284
step: 4900
NDCG@100 | train: 0.724170354682, test: 0.802496144316
step: 5000
NDCG@100 | train: 0.665674343205, test: 0.564895608881
step: 5100
NDCG@100 | train: 0.70619406316, test: 0.748553158917
step: 5200
NDCG@100 | train: 0.688008324162, test: 0.781917023892
step: 5300
NDCG@100 | train: 0.720495190309, test: 0.786639508912
step: 5400
NDCG@100 | train: 0.665572509777, test: 0.807169759867
step: 5500
NDCG@100 | train: 0.755913948589, test: 0.819558369307
step: 5600
NDCG@100 | train: 0.759817641394, test: 0.819552889709
step: 5700
NDCG@100 | train: 0.773922136181, test: 0.812866039149
step: 5800
NDCG@100 | train: 0.782217500008, test: 0.834915649383
step: 5900
NDCG@100 | train: 0.78288874857, test: 0.619187347272
step: 6000
NDCG@100 | train: 0.782002606714, test: 0.66184908067
step: 6100
NDCG@100 | train: 0.673301003843, test: 0.828074008385
step: 6200
NDCG@100 | train: 0.737630317528, test: 0.860426129417
step: 6300
NDCG@100 | train: 0.69951384778, test: 0.687355686819
step: 6400
NDCG@100 | train: 0.740841874425, test: 0.550277767257
step: 6500
NDCG@100 | train: 0.679100108308, test: 0.573266905948
step: 6600
NDCG@100 | train: 0.750033456513, test: 0.619982626576
step: 6700
NDCG@100 | train: 0.780155586572, test: 0.799037552498
step: 6800
NDCG@100 | train: 0.736723366579, test: 0.634607081468
step: 6900
NDCG@100 | train: 0.726295646005, test: 0.60113035617
step: 7000
NDCG@100 | train: 0.730808570242, test: 0.572753593204
step: 7100
NDCG@100 | train: 0.751410806979, test: 0.687313927166
step: 7200
NDCG@100 | train: 0.755865575754, test: 0.871240668948
step: 7300
NDCG@100 | train: 0.701484902561, test: 0.818231588215
step: 7400
NDCG@100 | train: 0.782086808982, test: 0.799118710947
step: 7500
NDCG@100 | train: 0.767222245854, test: 0.767250604355
step: 7600
NDCG@100 | train: 0.778463706464, test: 0.613586704388
step: 7700
NDCG@100 | train: 0.749100302375, test: 0.634339986138
step: 7800
NDCG@100 | train: 0.683274653712, test: 0.82809924377
step: 7900
NDCG@100 | train: 0.728046197087, test: 0.634659765321
step: 8000
NDCG@100 | train: 0.702127400068, test: 0.80754933062
step: 8100
NDCG@100 | train: 0.699884179738, test: 0.388991119231
step: 8200
NDCG@100 | train: 0.683723424109, test: 0.539841938091
step: 8300
NDCG@100 | train: 0.71104042454, test: 0.564929675968
step: 8400
NDCG@100 | train: 0.776113515357, test: 0.601130356136
step: 8500
NDCG@100 | train: 0.798304932104, test: 0.784754862876
step: 8600
NDCG@100 | train: 0.719028438922, test: 0.550277767247
step: 8700
NDCG@100 | train: 0.728148830012, test: 0.838807406257
step: 8800
NDCG@100 | train: 0.776088415586, test: 0.680180338275
step: 8900
NDCG@100 | train: 0.733121773095, test: 0.871225898041
step: 9000
NDCG@100 | train: 0.75740905767, test: 0.906149376227
step: 9100
NDCG@100 | train: 0.697246831091, test: 0.733241189575
step: 9200
NDCG@100 | train: 0.765538985284, test: 0.818139973567
step: 9300
NDCG@100 | train: 0.694351036175, test: 0.583891631628
step: 9400
NDCG@100 | train: 0.76630216016, test: 0.807483546926
step: 9500
NDCG@100 | train: 0.775215495606, test: 0.51103066648
step: 9600
NDCG@100 | train: 0.733167675001, test: 0.51103066648
step: 9700
NDCG@100 | train: 0.627612249963, test: 0.66581635543
step: 9800
NDCG@100 | train: 0.765761852727, test: 0.646506576023
step: 9900
NDCG@100 | train: 0.737500166061, test: 0.82795492253
step: 10000
NDCG@100 | train: 0.738362172057, test: 0.687616156207
step: 10100
NDCG@100 | train: 0.756069919757, test: 0.625975294074
step: 10200
NDCG@100 | train: 0.748171216696, test: 0.619982631113
step: 10300
NDCG@100 | train: 0.750445788149, test: 0.827954921074
step: 10400
NDCG@100 | train: 0.729300380358, test: 0.490728094595
step: 10500
NDCG@100 | train: 0.740217972103, test: 0.618916426428
step: 10600
NDCG@100 | train: 0.774805534717, test: 0.550277757408
step: 10700
NDCG@100 | train: 0.750658390917, test: 0.665594198522
step: 10800
NDCG@100 | train: 0.783720172472, test: 0.687355691344
step: 10900
NDCG@100 | train: 0.781559922944, test: 0.625975294075
step: 11000
NDCG@100 | train: 0.765186869744, test: 0.827954930941
step: 11100
NDCG@100 | train: 0.808962018855, test: 0.784786579518
step: 11200
NDCG@100 | train: 0.815579602958, test: 0.784694964946
step: 11300
NDCG@100 | train: 0.765445544142, test: 0.784786574134
step: 11400
NDCG@100 | train: 0.762164223499, test: 0.807549321577
step: 11500
NDCG@100 | train: 0.827995783852, test: 0.77397863188
step: 11600
NDCG@100 | train: 0.833772392878, test: 0.773978640291
step: 11700
NDCG@100 | train: 0.823290914388, test: 0.885625515512
step: 11800
NDCG@100 | train: 0.799819540454, test: 0.818276128839
step: 11900
NDCG@100 | train: 0.797939798773, test: 0.818224988529
step: 12000
NDCG@100 | train: 0.768799499588, test: 0.620249705469
step: 12100
NDCG@100 | train: 0.742744054142, test: 0.680256580778
step: 12200
NDCG@100 | train: 0.769034615961, test: 0.818125194264
step: 12300
NDCG@100 | train: 0.806150565393, test: 0.793066277577
step: 12400
NDCG@100 | train: 0.746904615497, test: 0.64506293136
step: 12500
NDCG@100 | train: 0.850423768297, test: 0.85206142096
step: 12600
NDCG@100 | train: 0.736004683006, test: 0.807423608638
step: 12700
NDCG@100 | train: 0.765344988501, test: 0.620249705502
step: 12800
NDCG@100 | train: 0.780009509036, test: 0.645291684914
step: 12900
NDCG@100 | train: 0.810515947133, test: 0.818216813434
step: 13000
NDCG@100 | train: 0.813597784381, test: 0.8530220228
step: 13100
NDCG@100 | train: 0.753311191142, test: 0.679951576294
step: 13200
NDCG@100 | train: 0.773329605212, test: 0.654877888675
step: 13300
NDCG@100 | train: 0.831283170154, test: 0.853088529497
step: 13400
NDCG@100 | train: 0.780896288995, test: 0.838671255598
step: 13500
NDCG@100 | train: 0.807801921036, test: 0.838671247179
step: 13600
NDCG@100 | train: 0.801494684242, test: 0.60425404951
step: 13700
NDCG@100 | train: 0.776339990041, test: 0.665594172961
step: 13800
NDCG@100 | train: 0.847223482282, test: 0.827948326749
step: 13900
NDCG@100 | train: 0.795088567749, test: 0.634340002501
step: 14000
NDCG@100 | train: 0.841028178003, test: 0.619197820837
step: 14100
NDCG@100 | train: 0.82691725631, test: 0.61359487952
step: 14200
NDCG@100 | train: 0.840601895532, test: 0.845292122839
step: 14300
NDCG@100 | train: 0.781917197812, test: 0.634093748591
step: 14400
NDCG@100 | train: 0.793025627207, test: 0.600901598022
step: 14500
NDCG@100 | train: 0.82830878619, test: 0.773978640304
step: 14600
NDCG@100 | train: 0.762299247931, test: 0.471791336929
step: 14700
NDCG@100 | train: 0.482157825457, test: 0.371692360598
step: 14800
NDCG@100 | train: 0.781435977294, test: 0.828073992768
step: 14900
NDCG@100 | train: 0.778075168616, test: 0.620245536817
step: 15000
NDCG@100 | train: 0.794713693556, test: 0.793066277576
step: 15100
NDCG@100 | train: 0.745123480525, test: 0.838671251052
step: 15200
NDCG@100 | train: 0.726080073743, test: 0.654877884076
step: 15300
NDCG@100 | train: 0.831063396736, test: 0.853088524974
step: 15400
NDCG@100 | train: 0.834537685881, test: 0.853022022805
step: 15500
NDCG@100 | train: 0.822823393407, test: 0.604247449223
step: 15600
NDCG@100 | train: 0.785672119105, test: 0.65487788414
step: 15700
NDCG@100 | train: 0.760074509188, test: 0.573175295192
step: 15800
NDCG@100 | train: 0.747742764494, test: 0.80751526357
step: 15900
NDCG@100 | train: 0.788604655494, test: 0.774070259396
step: 16000
NDCG@100 | train: 0.765356156055, test: 0.793066277592
step: 16100
NDCG@100 | train: 0.753983241913, test: 0.828066591701
step: 16200
NDCG@100 | train: 0.81071939675, test: 0.63456875616
step: 16300
NDCG@100 | train: 0.815304742255, test: 0.774030989549
step: 16400
NDCG@100 | train: 0.791741450752, test: 0.784740083623
step: 16500
NDCG@100 | train: 0.797622121491, test: 0.799052326488
step: 16600
NDCG@100 | train: 0.859418007042, test: 0.758785318306
step: 16700
NDCG@100 | train: 0.831582235767, test: 0.758785318296
step: 16800
NDCG@100 | train: 0.828971172095, test: 0.573372397584
step: 16900
NDCG@100 | train: 0.77099689355, test: 0.767269240125
step: 17000
NDCG@100 | train: 0.80928956391, test: 0.777932858075
step: 17100
NDCG@100 | train: 0.837798355713, test: 0.812806145073
step: 17200
NDCG@100 | train: 0.832381700278, test: 0.812806145071
step: 17300
NDCG@100 | train: 0.822197762405, test: 0.799052336367
step: 17400
NDCG@100 | train: 0.864369205907, test: 0.845273482551
step: 17500
NDCG@100 | train: 0.823845084092, test: 0.646506576037
step: 17600
NDCG@100 | train: 0.866288926638, test: 0.792283038229
step: 17700
NDCG@100 | train: 0.835443842119, test: 0.852046641669
step: 17800
NDCG@100 | train: 0.84924906957, test: 0.812814320143
step: 17900
NDCG@100 | train: 0.822394571723, test: 0.819583618307
step: 18000
NDCG@100 | train: 0.749976285357, test: 0.784694955077
step: 18100
NDCG@100 | train: 0.779275356985, test: 0.604848616144
step: 18200
NDCG@100 | train: 0.80860801106, test: 0.654877884109
step: 18300
NDCG@100 | train: 0.824515117427, test: 0.860405444534
step: 18400
NDCG@100 | train: 0.822215306185, test: 0.838671255581
step: 18500
NDCG@100 | train: 0.799193825212, test: 0.828014828875
step: 18600
NDCG@100 | train: 0.813871653337, test: 0.792283038179
step: 18700
NDCG@100 | train: 0.822275920623, test: 0.807483551493
step: 18800
NDCG@100 | train: 0.853792677102, test: 0.777900777759
step: 18900
NDCG@100 | train: 0.835917603195, test: 0.838731158066
step: 19000
NDCG@100 | train: 0.823008412911, test: 0.860499099837
step: 19100
NDCG@100 | train: 0.896555918778, test: 0.798941026477
step: 19200
NDCG@100 | train: 0.880025555556, test: 0.772230122564
step: 19300
NDCG@100 | train: 0.811063706107, test: 0.781917038325
step: 19400
NDCG@100 | train: 0.842155086274, test: 0.758805368383
step: 19500
NDCG@100 | train: 0.871524009315, test: 0.767124914341
step: 19600
NDCG@100 | train: 0.836357222177, test: 0.793118631345
step: 19700
NDCG@100 | train: 0.774061137438, test: 0.818139973637
step: 19800
NDCG@100 | train: 0.806660202788, test: 0.845365101658
step: 19900
NDCG@100 | train: 0.868852844993, test: 0.767190701892
step: 20000
NDCG@100 | train: 0.809245965199, test: 0.807484549299
step: 20100
NDCG@100 | train: 0.825382678367, test: 0.838724553881
step: 20200
NDCG@100 | train: 0.812477375149, test: 0.828014828841
step: 20300
NDCG@100 | train: 0.885514775798, test: 0.758921473514
step: 20400
NDCG@100 | train: 0.877843020654, test: 0.818133369436
step: 20500
NDCG@100 | train: 0.860839270544, test: 0.758753601692
step: 20600
NDCG@100 | train: 0.876754240101, test: 0.86042065516
step: 20700
NDCG@100 | train: 0.881549395904, test: 0.77793285807
step: 20800
NDCG@100 | train: 0.88692122583, test: 0.852113774727
step: 20900
NDCG@100 | train: 0.849340764466, test: 0.774038542766
step: 21000
NDCG@100 | train: 0.878077108035, test: 0.758785318297
step: 21100
NDCG@100 | train: 0.869617507832, test: 0.758753601696
step: 21200
NDCG@100 | train: 0.853343554334, test: 0.777872955591
step: 21300
NDCG@100 | train: 0.792254819365, test: 0.793119575886
step: 21400
NDCG@100 | train: 0.83520265628, test: 0.758889752381
step: 21500
NDCG@100 | train: 0.834347571259, test: 0.758889752381
step: 21600
NDCG@100 | train: 0.80130017948, test: 0.792366482197
step: 21700
NDCG@100 | train: 0.816417971657, test: 0.778009093305
step: 21800
NDCG@100 | train: 0.842781420207, test: 0.7671906844
step: 21900
NDCG@100 | train: 0.79678010588, test: 0.807483543021
step: 22000
NDCG@100 | train: 0.851576847487, test: 0.758911008358
step: 22100
NDCG@100 | train: 0.855773461314, test: 0.758819389252
step: 22200
NDCG@100 | train: 0.876789221004, test: 0.767164602564
step: 22300
NDCG@100 | train: 0.901790358905, test: 0.761579585466
step: 22400
NDCG@100 | train: 0.893572777737, test: 0.758819389244
step: 22500
NDCG@100 | train: 0.835772621838, test: 0.767269244633
step: 22600
NDCG@100 | train: 0.870428535453, test: 0.78477180021
step: 22700
NDCG@100 | train: 0.851681862361, test: 0.819623257336
step: 22800
NDCG@100 | train: 0.861016497031, test: 0.753278630613
step: 22900
NDCG@100 | train: 0.884685864255, test: 0.786731824282
step: 23000
NDCG@100 | train: 0.870105310279, test: 0.736126258686
step: 23100
NDCG@100 | train: 0.812709608578, test: 0.807220217965
step: 23200
NDCG@100 | train: 0.829372499454, test: 0.772346804821
step: 23300
NDCG@100 | train: 0.829804985983, test: 0.767321006792
step: 23400
NDCG@100 | train: 0.813890828358, test: 0.62021798891
step: 23500
NDCG@100 | train: 0.839836132605, test: 0.828014828908
step: 23600
NDCG@100 | train: 0.816904946797, test: 0.793066277577
step: 23700
NDCG@100 | train: 0.815662074098, test: 0.793157892154
step: 23800
NDCG@100 | train: 0.825094872763, test: 0.838731149682
step: 23900
NDCG@100 | train: 0.814867608349, test: 0.838731116443
step: 24000
NDCG@100 | train: 0.809858178151, test: 0.853088524958
step: 24100
NDCG@100 | train: 0.795180200259, test: 0.83867124181
step: 24200
NDCG@100 | train: 0.869543101938, test: 0.853028622461
step: 24300
NDCG@100 | train: 0.819487628631, test: 0.807483533164
step: 24400
NDCG@100 | train: 0.87474050567, test: 0.799112185599
step: 24500
NDCG@100 | train: 0.866788756236, test: 0.807203161517
step: 24600
NDCG@100 | train: 0.86576769054, test: 0.772255226576
step: 24700
NDCG@100 | train: 0.829451746825, test: 0.819538070061
step: 24800
NDCG@100 | train: 0.885007305879, test: 0.75884521626
step: 24900
NDCG@100 | train: 0.838663129029, test: 0.792283033683
step: 25000
NDCG@100 | train: 0.833589912034, test: 0.767553056285
step: 25100
NDCG@100 | train: 0.881491329146, test: 0.818216813431
step: 25200
NDCG@100 | train: 0.89431538033, test: 0.860519158326
step: 25300
NDCG@100 | train: 0.871476061702, test: 0.807476942699
step: 25400
NDCG@100 | train: 0.852420002325, test: 0.885625510997
step: 25500
NDCG@100 | train: 0.858593344787, test: 0.784786579513
step: 25600
NDCG@100 | train: 0.875022580728, test: 0.818139973608
step: 25700
NDCG@100 | train: 0.875340058564, test: 0.838782916333
step: 25800
NDCG@100 | train: 0.937394664116, test: 0.799118702589
step: 25900
NDCG@100 | train: 0.904911390148, test: 0.79235601704
step: 26000
NDCG@100 | train: 0.907220883102, test: 0.774030994057
step: 26100
NDCG@100 | train: 0.865858759104, test: 0.767209337636
step: 26200
NDCG@100 | train: 0.893209201286, test: 0.758819384727
step: 26300
NDCG@100 | train: 0.906024947532, test: 0.793066864667
step: 26400
NDCG@100 | train: 0.893488828295, test: 0.793086910227
step: 26500
NDCG@100 | train: 0.857810880955, test: 0.784786579531
step: 26600
NDCG@100 | train: 0.779649475736, test: 0.793066247107
step: 26700
NDCG@100 | train: 0.867413064646, test: 0.786657142465
step: 26800
NDCG@100 | train: 0.931841383121, test: 0.786580889771
step: 26900
NDCG@100 | train: 0.915440494723, test: 0.827863898916
step: 27000
NDCG@100 | train: 0.895207102668, test: 0.748507451453
step: 27100
NDCG@100 | train: 0.875895601356, test: 0.784680181089
step: 27200
NDCG@100 | train: 0.915784306208, test: 0.758733348108
step: 27300
NDCG@100 | train: 0.823350793957, test: 0.719720663113
step: 27400
NDCG@100 | train: 0.848959967863, test: 0.793066277555
step: 27500
NDCG@100 | train: 0.891216587593, test: 0.860407489116
step: 27600
NDCG@100 | train: 0.877933777485, test: 0.871234073152
step: 27700
NDCG@100 | train: 0.847906392832, test: 0.871234068563
step: 27800
NDCG@100 | train: 0.857867360779, test: 0.807476900484
step: 27900
NDCG@100 | train: 0.891879874569, test: 0.818216813405
step: 28000
NDCG@100 | train: 0.873032988533, test: 0.885625515511
step: 28100
NDCG@100 | train: 0.863272276739, test: 0.793157892133
step: 28200
NDCG@100 | train: 0.838293812199, test: 0.853147712823
step: 28300
NDCG@100 | train: 0.855933628758, test: 0.906173858381
step: 28400
NDCG@100 | train: 0.904245256046, test: 0.784791850261
step: 28500
NDCG@100 | train: 0.818815599885, test: 0.793126175529
step: 28600
NDCG@100 | train: 0.888315101012, test: 0.774038542787
step: 28700
NDCG@100 | train: 0.887784623734, test: 0.818231592705
step: 28800
NDCG@100 | train: 0.751945307841, test: 0.784786574146
step: 28900
NDCG@100 | train: 0.887322218144, test: 0.90617386228
step: 29000
NDCG@100 | train: 0.862467131469, test: 0.932618756214
step: 29100
NDCG@100 | train: 0.915553795631, test: 0.885625507078
step: 29200
NDCG@100 | train: 0.85304715128, test: 0.828042376793
step: 29300
NDCG@100 | train: 0.931138432673, test: 0.799097455014
step: 29400
NDCG@100 | train: 0.921937662127, test: 0.799163242569
step: 29500
NDCG@100 | train: 0.8797618829, test: 0.885632115161
step: 29600
NDCG@100 | train: 0.819789009035, test: 0.784694911695
step: 29700
NDCG@100 | train: 0.880383237323, test: 0.807423644442
step: 29800
NDCG@100 | train: 0.889179618814, test: 0.932594274075
step: 29900
NDCG@100 | train: 0.867637991258, test: 0.853158173482
step: 30000
NDCG@100 | train: 0.753776087826, test: 0.767619519167
step: 30100
NDCG@100 | train: 0.916392005775, test: 0.818119720045
step: 30200
NDCG@100 | train: 0.914583177247, test: 0.838656471731
step: 30300
NDCG@100 | train: 0.943489047861, test: 0.885481185177
step: 30400
NDCG@100 | train: 0.950599271818, test: 0.999932509453
step: 30500
NDCG@100 | train: 0.932318771162, test: 0.906163401665
step: 30600
NDCG@100 | train: 0.828377092322, test: 0.807416997989
step: 30700
NDCG@100 | train: 0.882014124426, test: 0.885617340413
step: 30800
NDCG@100 | train: 0.950342870238, test: 0.860485087378
step: 30900
NDCG@100 | train: 0.895342260685, test: 0.838716378771
step: 31000
NDCG@100 | train: 0.92859100363, test: 0.818130451008
step: 31100
NDCG@100 | train: 0.959928282752, test: 0.860376754378
step: 31200
NDCG@100 | train: 0.953072875841, test: 0.798961304326
step: 31300
NDCG@100 | train: 0.957813193693, test: 0.932509850803
step: 31400
NDCG@100 | train: 0.918290369223, test: 0.860402014877
step: 31500
NDCG@100 | train: 0.944360943355, test: 0.792969771298
step: 31600
NDCG@100 | train: 0.897415886121, test: 0.807417044771
step: 31700
NDCG@100 | train: 0.925499926033, test: 0.793001487902
step: 31800
NDCG@100 | train: 0.943008431737, test: 0.827924212222
step: 31900
NDCG@100 | train: 0.852690464853, test: 0.827945058849
step: 32000
NDCG@100 | train: 0.953551602122, test: 0.871104318644
step: 32100
NDCG@100 | train: 0.936651306348, test: 0.86042065516
step: 32200
NDCG@100 | train: 0.934736631629, test: 0.758845216241
step: 32300
NDCG@100 | train: 0.910806564087, test: 0.79236647768
step: 32400
NDCG@100 | train: 0.92353485146, test: 0.767238509591
step: 32500
NDCG@100 | train: 0.906135345138, test: 0.774030989534
step: 32600
NDCG@100 | train: 0.878444494384, test: 0.799178016526
step: 32700
NDCG@100 | train: 0.933299214101, test: 0.812841557006
step: 32800
NDCG@100 | train: 0.906564487833, test: 0.784771796313
step: 32900
NDCG@100 | train: 0.860835796706, test: 0.793126162584
step: 33000
NDCG@100 | train: 0.900158422984, test: 0.772149148418
step: 33100
NDCG@100 | train: 0.941492480252, test: 0.793006957636
step: 33200
NDCG@100 | train: 0.89666927276, test: 0.828041351095
step: 33300
NDCG@100 | train: 0.904186267359, test: 0.746438974671
step: 33400
NDCG@100 | train: 0.930794898303, test: 0.793086914727
step: 33500
NDCG@100 | train: 0.847029807082, test: 0.799112198492
step: 33600
NDCG@100 | train: 0.903461581068, test: 0.799037557041
step: 33700
NDCG@100 | train: 0.934344290799, test: 0.84535107626
step: 33800
NDCG@100 | train: 0.904635179752, test: 0.838768140911
step: 33900
NDCG@100 | train: 0.925026210384, test: 0.784655699601
step: 34000
NDCG@100 | train: 0.916961874755, test: 0.78196647562
step: 34100
NDCG@100 | train: 0.902533951193, test: 0.767190701867
step: 34200
NDCG@100 | train: 0.899034363708, test: 0.777925666803
step: 34300
NDCG@100 | train: 0.879549762384, test: 0.793059664939
step: 34400
NDCG@100 | train: 0.916290759479, test: 0.786657142465
step: 34500
NDCG@100 | train: 0.849933870972, test: 0.711718219451
step: 34600
NDCG@100 | train: 0.943849606534, test: 0.79233476561
step: 34700
NDCG@100 | train: 0.916741765959, test: 0.774038538265
step: 34800
NDCG@100 | train: 0.918971517831, test: 0.807188424435
step: 34900
NDCG@100 | train: 0.914418503567, test: 0.79312618008
step: 35000
NDCG@100 | train: 0.925045411196, test: 0.784695552018
step: 35100
NDCG@100 | train: 0.886126031898, test: 0.792400529165
step: 35200
NDCG@100 | train: 0.846509145666, test: 0.812907269091
step: 35300
NDCG@100 | train: 0.862421280056, test: 0.807508617088
step: 35400
NDCG@100 | train: 0.922151792011, test: 0.758889748496
step: 35500
NDCG@100 | train: 0.886032490008, test: 0.79311955115
step: 35600
NDCG@100 | train: 0.894226732004, test: 0.807483537735
step: 35700
NDCG@100 | train: 0.852170628917, test: 0.828066559766
step: 35800
NDCG@100 | train: 0.890802232943, test: 0.838800806596
step: 35900
NDCG@100 | train: 0.838845782715, test: 0.807483541591
step: 36000
NDCG@100 | train: 0.925045318108, test: 0.819628736963
step: 36100
NDCG@100 | train: 0.83938472207, test: 0.784694911695
step: 36200
NDCG@100 | train: 0.91501631536, test: 0.786731814417
step: 36300
NDCG@100 | train: 0.881085636593, test: 0.781925171181
step: 36400
NDCG@100 | train: 0.877369559497, test: 0.819709298475
step: 36500
NDCG@100 | train: 0.912929996325, test: 0.819695282951
step: 36600
NDCG@100 | train: 0.904134281373, test: 0.82801483343
step: 36700
NDCG@100 | train: 0.902040918446, test: 0.799052326479
step: 36800
NDCG@100 | train: 0.89844474866, test: 0.799052326476
step: 36900
NDCG@100 | train: 0.93132231514, test: 0.812866047563
step: 37000
NDCG@100 | train: 0.896338374072, test: 0.913478416155
step: 37100
NDCG@100 | train: 0.901270175003, test: 0.799143955444
step: 37200
NDCG@100 | train: 0.873640497363, test: 0.777977354532
step: 37300
NDCG@100 | train: 0.908828828721, test: 0.778029156329
step: 37400
NDCG@100 | train: 0.884642024613, test: 0.774065060475
step: 37500
NDCG@100 | train: 0.900312366987, test: 0.758955544458
step: 37600
NDCG@100 | train: 0.919138178566, test: 0.75691141991
step: 37700
NDCG@100 | train: 0.897113508247, test: 0.761658111893
step: 37800
NDCG@100 | train: 0.921907187736, test: 0.827954930934
step: 37900
NDCG@100 | train: 0.923270915836, test: 0.807417044771
step: 38000
NDCG@100 | train: 0.941721270766, test: 0.792274863124
step: 38100
NDCG@100 | train: 0.922760480784, test: 0.777925662259
step: 38200
NDCG@100 | train: 0.88715637952, test: 0.793066277577
step: 38300
NDCG@100 | train: 0.923367691482, test: 0.839680990087
step: 38400
NDCG@100 | train: 0.930566474745, test: 0.860432729079
step: 38500
NDCG@100 | train: 0.868757338965, test: 0.799143945593
step: 38600
NDCG@100 | train: 0.868553565684, test: 0.793157886787
step: 38700
NDCG@100 | train: 0.873969828206, test: 0.784786574167
step: 38800
NDCG@100 | train: 0.84303171974, test: 0.799052322585
step: 38900
NDCG@100 | train: 0.897970791471, test: 0.913493185587
step: 39000
NDCG@100 | train: 0.841676810113, test: 0.774214485393
step: 39100
NDCG@100 | train: 0.876249501078, test: 0.786512656384
step: 39200
NDCG@100 | train: 0.916793504115, test: 0.74637308837
step: 39300
NDCG@100 | train: 0.819904742199, test: 0.777926265271
step: 39400
NDCG@100 | train: 0.928890531648, test: 0.90614862235
step: 39500
NDCG@100 | train: 0.943533957292, test: 0.921839259113
step: 39600
NDCG@100 | train: 0.913924473211, test: 0.827954930934
step: 39700
NDCG@100 | train: 0.929842729689, test: 0.777925662259
step: 39800
NDCG@100 | train: 0.930597066902, test: 0.78468018111
step: 39900
NDCG@100 | train: 0.931545033159, test: 0.860432733568
step: 40000
NDCG@100 | train: 0.898254636852, test: 0.812814320161
step: 40100
NDCG@100 | train: 0.760397597528, test: 0.860407484615
step: 40200
NDCG@100 | train: 0.795286771437, test: 0.81810385521
step: 40300
NDCG@100 | train: 0.814523966145, test: 0.71198658201
step: 40400
NDCG@100 | train: 0.922107906402, test: 0.793177942234
step: 40500
NDCG@100 | train: 0.896260805983, test: 0.774070250947
step: 40600
NDCG@100 | train: 0.913282795479, test: 0.946957495788
step: 40700
NDCG@100 | train: 0.917687162446, test: 0.807423648985
step: 40800
NDCG@100 | train: 0.93487801022, test: 0.819558373829
step: 40900
NDCG@100 | train: 0.934395609852, test: 0.852061416417
step: 41000
NDCG@100 | train: 0.932059686089, test: 0.827954926391
step: 41100
NDCG@100 | train: 0.934748671757, test: 0.871225898062
step: 41200
NDCG@100 | train: 0.943195076238, test: 0.852132786497
step: 41300
NDCG@100 | train: 0.903028811457, test: 0.792274838771
step: 41400
NDCG@100 | train: 0.859587210951, test: 0.807483541591
step: 41500
NDCG@100 | train: 0.923360694244, test: 0.921826182746
step: 41600
NDCG@100 | train: 0.915186475711, test: 0.860426124864
step: 41700
NDCG@100 | train: 0.924493339299, test: 0.802417191727
step: 41800
NDCG@100 | train: 0.941288089806, test: 0.812806140507
step: 41900
NDCG@100 | train: 0.925237057493, test: 0.838671251035
step: 42000
NDCG@100 | train: 0.934957288473, test: 0.838731158053
step: 42100
NDCG@100 | train: 0.934442392521, test: 0.999985220671
step: 42200
NDCG@100 | train: 0.946334876251, test: 0.792324295893
step: 42300
NDCG@100 | train: 0.944025403553, test: 0.799042813718
step: 42400
NDCG@100 | train: 0.963369584852, test: 0.852016671503
step: 42500
NDCG@100 | train: 0.962981772966, test: 0.91339205372
step: 42600
NDCG@100 | train: 0.980937347554, test: 0.92177681226
step: 42700
NDCG@100 | train: 0.988155680001, test: 0.90666727192
step: 42800
NDCG@100 | train: 0.9643190227, test: 0.839647552289
step: 42900
NDCG@100 | train: 0.972682414973, test: 0.839637457345
step: 43000
NDCG@100 | train: 0.954054894877, test: 0.871089675021
step: 43100
NDCG@100 | train: 0.937226373993, test: 0.793001420087
step: 43200
NDCG@100 | train: 0.923089621745, test: 0.784680145976
step: 43300
NDCG@100 | train: 0.938820151182, test: 0.83877629581
step: 43400
NDCG@100 | train: 0.94377707455, test: 0.853129414274
step: 43500
NDCG@100 | train: 0.954532905294, test: 0.906156792934
step: 43600
NDCG@100 | train: 0.949287907076, test: 0.93252422711
step: 43700
NDCG@100 | train: 0.960656426984, test: 0.85302201825
step: 43800
NDCG@100 | train: 0.93570169745, test: 0.793015143313
step: 43900
NDCG@100 | train: 0.936839899157, test: 0.860395410663
step: 44000
NDCG@100 | train: 0.884850277149, test: 0.838605347316
step: 44100
NDCG@100 | train: 0.932927797013, test: 0.793054189234
step: 44200
NDCG@100 | train: 0.933155455274, test: 0.818139956142
step: 44300
NDCG@100 | train: 0.953375530768, test: 0.906124131764
step: 44400
NDCG@100 | train: 0.932175651254, test: 0.838671238091
step: 44500
NDCG@100 | train: 0.951289074702, test: 0.860407489116
step: 44600
NDCG@100 | train: 0.913412631033, test: 0.88559804421
step: 44700
NDCG@100 | train: 0.922541246288, test: 0.932586103475
step: 44800
NDCG@100 | train: 0.922173304791, test: 0.906149376194
step: 44900
NDCG@100 | train: 0.958819100791, test: 0.860420645273
step: 45000
NDCG@100 | train: 0.867063432179, test: 0.807123910405
step: 45100
NDCG@100 | train: 0.951486209992, test: 0.845283923395
step: 45200
NDCG@100 | train: 0.934665494801, test: 0.871149048356
step: 45300
NDCG@100 | train: 0.932904211671, test: 0.838724537542
step: 45400
NDCG@100 | train: 0.950071729483, test: 0.871234056805
step: 45500
NDCG@100 | train: 0.960749514331, test: 0.838782920236
step: 45600
NDCG@100 | train: 0.930841940971, test: 0.999981355177
step: 45700
NDCG@100 | train: 0.969224228289, test: 0.906163393234
step: 45800
NDCG@100 | train: 0.962258775665, test: 0.999967328968
step: 45900
NDCG@100 | train: 0.989008353805, test: 0.819558369307
step: 46000
NDCG@100 | train: 0.979668300548, test: 0.90672389277
step: 46100
NDCG@100 | train: 0.944722900203, test: 0.792342924368
step: 46200
NDCG@100 | train: 0.943230223105, test: 0.906142772067
step: 46300
NDCG@100 | train: 0.897962410528, test: 0.845261369561
step: 46400
NDCG@100 | train: 0.95331449823, test: 0.773993793303
step: 46500
NDCG@100 | train: 0.934318159661, test: 0.788850847174
step: 46600
NDCG@100 | train: 0.921902783943, test: 0.906149372358
step: 46700
NDCG@100 | train: 0.96814805143, test: 0.967488773223
step: 46800
NDCG@100 | train: 0.961445926882, test: 0.807417028453
step: 46900
NDCG@100 | train: 0.940186509042, test: 0.807503173293
step: 47000
NDCG@100 | train: 0.949153966289, test: 0.967501933869
step: 47100
NDCG@100 | train: 0.939763381326, test: 0.946926115819
step: 47200
NDCG@100 | train: 0.939439169372, test: 0.860512260492
step: 47300
NDCG@100 | train: 0.957377905666, test: 0.860512264376
step: 47400
NDCG@100 | train: 0.956964693855, test: 0.784786370687
step: 47500
NDCG@100 | train: 0.935591810439, test: 0.758844969077
step: 47600
NDCG@100 | train: 0.952992882907, test: 0.845261387789
step: 47700
NDCG@100 | train: 0.962774072432, test: 0.851997266617
step: 47800
NDCG@100 | train: 0.951408458702, test: 0.819538878708
step: 47900
NDCG@100 | train: 0.939609356374, test: 0.807466832234
step: 48000
NDCG@100 | train: 0.906737628708, test: 0.828008224693
step: 48100
NDCG@100 | train: 0.914213801835, test: 0.799143945547
step: 48200
NDCG@100 | train: 0.878072855923, test: 0.83878291489
step: 48300
NDCG@100 | train: 0.914177887417, test: 0.807483541625
step: 48400
NDCG@100 | train: 0.941436947169, test: 0.761658111893
step: 48500
NDCG@100 | train: 0.932359003069, test: 0.799027441988
step: 48600
NDCG@100 | train: 0.932465036004, test: 0.781910427693
step: 48700
NDCG@100 | train: 0.909372134906, test: 0.758753455021
step: 48800
NDCG@100 | train: 0.936104549897, test: 0.78468016131
step: 48900
NDCG@100 | train: 0.944289746537, test: 0.772306365402
step: 49000
NDCG@100 | train: 0.943482051418, test: 0.778017269564
step: 49100
NDCG@100 | train: 0.952564179467, test: 0.807542730318
step: 49200
NDCG@100 | train: 0.882965239771, test: 0.967477457714
step: 49300
NDCG@100 | train: 0.951821811231, test: 0.885506429633
step: 49400
NDCG@100 | train: 0.970677161926, test: 0.78462531653
step: 49500
NDCG@100 | train: 0.959890727951, test: 0.885494351179
step: 49600
NDCG@100 | train: 0.949703484186, test: 0.793141177408
step: 49700
NDCG@100 | train: 0.946810379343, test: 0.807498542401
step: 49800
NDCG@100 | train: 0.93610256859, test: 0.853142228694
step: 49900
NDCG@100 | train: 0.958507899672, test: 0.818187787804
step: 50000
NDCG@100 | train: 0.914927018724, test: 0.777821785886
save the model
save the optimizer
(1.578208327293396, 60.0)
(2.0593018531799316, 60.0)
(4.476463794708252, 60.0)
(0.69920706748962402, 60.0)
(3.1342284679412842, 60.0)
(1.7459509372711182, 60.0)
(1.073047399520874, 60.0)
(2.8627345561981201, 60.0)
(1.2871116399765015, 60.0)
(1.5167264938354492, 60.0)
(0.0, 80.0)
(4.8213539123535156, 80.0)
(4.6421852111816406, 80.0)
(1.3948949575424194, 80.0)
(4.7773323059082031, 80.0)
(7.2781248092651367, 80.0)
(3.4093163013458252, 80.0)
(1.6472299098968506, 80.0)
(5.9460382461547852, 80.0)
(6.6521363258361816, 80.0)
(6.1486382484436035, 80.0)
(2.0669231414794922, 70.0)
(2.4570136070251465, 70.0)
(2.9500114917755127, 70.0)
(3.5137853622436523, 70.0)
(2.1592171192169189, 70.0)
(4.2217168807983398, 70.0)
(4.5810394287109375, 70.0)
(0.0, 70.0)
(3.3782644271850586, 70.0)
(1.7682533264160156, 70.0)
(4.704596996307373, 70.0)
(6.3738508224487305, 70.0)
(0.0, 50.0)
(0.0, 50.0)
(0.0, 50.0)
(0.0, 50.0)
(0.0, 50.0)
(0.031348235905170441, 50.0)
(0.0, 50.0)
(0.0, 50.0)
(1.3533370494842529, 50.0)
(0.0, 20.0)
(0.0, 20.0)
(0.0, 20.0)
(0.0, 20.0)
(0.0, 20.0)
(0.0, 20.0)
(0.0, 20.0)
(0.0, 20.0)
(0.0, 20.0)
(0.0, 20.0)
(0.0, 20.0)
(0.0, 20.0)
(0.0, 10.0)
(0.0, 10.0)
(0.0, 10.0)
(0.0, 10.0)
(0.0, 10.0)
(0.0, 10.0)
(0.0, 10.0)
(0.0, 10.0)
(0.0, 10.0)
(0.0, 10.0)
(0.0, 10.0)
(0.0, 10.0)
(0.0, 40.0)
(0.0, 40.0)
(0.0, 40.0)
(0.1593429297208786, 40.0)
(0.0, 40.0)
(0.0, 40.0)
(0.0, 40.0)
(0.0, 40.0)
(0.0, 40.0)
(0.0, 40.0)
(0.0, 40.0)
(0.0, 40.0)
(0.0, 40.0)
(0.0, 30.0)
(0.0, 30.0)
(0.0, 30.0)
(0.84034180641174316, 30.0)
(0.0, 30.0)
(0.0, 30.0)
(0.0, 30.0)
(0.0, 30.0)
(0.0, 30.0)
(0.0, 30.0)
(0.0, 30.0)
(0.0, 30.0)
(0.0, 30.0)
